2024-05-18 10:56:00,626 - INFO - connection
2024-05-18 10:57:35,586 - INFO - ---------------------------
2024-05-18 10:57:35,586 - INFO - Rollet number: 36
2024-05-18 10:57:35,586 - INFO - Black List number: [36]
2024-05-18 10:57:35,586 - INFO - count: [0, 0]
2024-05-18 10:57:35,586 - INFO - 


2024-05-18 10:57:35,586 - INFO - red number
2024-05-18 10:57:35,691 - INFO - ------------------------
2024-05-18 10:57:46,835 - INFO - ---------------------------
2024-05-18 10:57:46,835 - INFO - Rollet number: 2
2024-05-18 10:57:46,835 - INFO - Black List number: [36, 2]
2024-05-18 10:57:46,835 - INFO - count: [1, 1]
2024-05-18 10:57:46,835 - INFO - 


2024-05-18 10:57:46,937 - INFO - ------------------------
2024-05-18 10:58:36,541 - INFO - ---------------------------
2024-05-18 10:58:36,542 - INFO - Rollet number: 18
2024-05-18 10:58:36,542 - INFO - Black List number: [36, 2, 18]
2024-05-18 10:58:36,542 - INFO - count: [1, 2]
2024-05-18 10:58:36,542 - INFO - 


2024-05-18 10:58:36,542 - INFO - red number
2024-05-18 10:58:36,646 - INFO - ------------------------
2024-05-18 10:59:25,454 - ERROR - not detected number
2024-05-18 10:59:25,454 - INFO - ---------------------------
2024-05-18 10:59:25,454 - INFO - Rollet number: 0
2024-05-18 10:59:25,454 - INFO - Black List number: [36, 2, 18, 0]
2024-05-18 10:59:25,454 - INFO - count: [1, 1]
2024-05-18 10:59:25,454 - INFO - 


2024-05-18 10:59:25,563 - INFO - ------------------------
2024-05-18 11:00:06,827 - INFO - ---------------------------
2024-05-18 11:00:06,828 - INFO - Rollet number: 8
2024-05-18 11:00:06,828 - INFO - Black List number: [36, 2, 18, 0, 8]
2024-05-18 11:00:06,828 - INFO - count: [1, 2]
2024-05-18 11:00:06,828 - INFO - 


2024-05-18 11:00:07,139 - INFO - ------------------------
2024-05-18 11:00:56,218 - INFO - ---------------------------
2024-05-18 11:00:56,218 - INFO - Rollet number: 4
2024-05-18 11:00:56,218 - INFO - Black List number: [36, 2, 18, 0, 8, 4]
2024-05-18 11:00:56,218 - INFO - count: [3, 3]
2024-05-18 11:00:56,218 - INFO - 


2024-05-18 11:00:56,850 - INFO - ------------------------
2024-05-18 11:01:37,752 - INFO - ---------------------------
2024-05-18 11:01:37,752 - INFO - Rollet number: 10
2024-05-18 11:01:37,752 - INFO - Black List number: [36, 2, 18, 0, 8, 4, 10]
2024-05-18 11:01:37,753 - INFO - count: [6, 3]
2024-05-18 11:01:37,753 - INFO - 


2024-05-18 11:01:38,994 - INFO - ------------------------
2024-05-18 11:02:19,893 - ERROR - not detected number
2024-05-18 11:02:19,893 - INFO - ---------------------------
2024-05-18 11:02:19,893 - INFO - Rollet number: 0
2024-05-18 11:02:19,893 - INFO - Black List number: [36, 2, 18, 0, 8, 4, 10, 0]
2024-05-18 11:02:19,893 - INFO - count: [12, 3]
2024-05-18 11:02:19,893 - INFO - 


2024-05-18 11:02:22,405 - INFO - ------------------------
2024-05-18 11:03:10,897 - INFO - ---------------------------
2024-05-18 11:03:10,897 - INFO - Rollet number: 29
2024-05-18 11:03:10,897 - INFO - Black List number: [36, 2, 18, 0, 8, 4, 10, 0, 29]
2024-05-18 11:03:10,897 - INFO - count: [24, 3]
2024-05-18 11:03:10,897 - INFO - 


2024-05-18 11:03:15,847 - INFO - ------------------------
2024-05-18 11:03:54,220 - INFO - ---------------------------
2024-05-18 11:03:54,220 - INFO - Rollet number: 13
2024-05-18 11:03:54,220 - INFO - Black List number: [36, 2, 18, 0, 8, 4, 10, 0, 29, 13]
2024-05-18 11:03:54,220 - INFO - count: [48, 3]
2024-05-18 11:03:54,220 - INFO - 


2024-05-18 11:04:04,117 - INFO - ------------------------
2024-05-18 11:04:39,761 - INFO - ---------------------------
2024-05-18 11:04:39,761 - INFO - Rollet number: 28
2024-05-18 11:04:39,761 - INFO - Black List number: [36, 2, 18, 0, 8, 4, 10, 0, 29, 13, 28]
2024-05-18 11:04:39,761 - INFO - count: [96, 3]
2024-05-18 11:04:39,761 - INFO - 


2024-05-18 11:04:59,624 - INFO - ------------------------
2024-05-18 11:05:25,594 - ERROR - not detected number
2024-05-18 11:05:25,594 - INFO - ---------------------------
2024-05-18 11:05:25,595 - INFO - Rollet number: 0
2024-05-18 11:05:25,595 - INFO - Black List number: [36, 2, 18, 0, 8, 4, 10, 0, 29, 13, 28, 0]
2024-05-18 11:05:25,595 - INFO - count: [192, 3]
2024-05-18 11:05:25,595 - INFO - 


2024-05-18 11:06:05,449 - INFO - ------------------------
2024-05-18 11:06:09,245 - INFO - ---------------------------
2024-05-18 11:06:09,246 - INFO - Rollet number: 7
2024-05-18 11:06:09,246 - INFO - Black List number: [36, 2, 18, 0, 8, 4, 10, 0, 29, 13, 28, 0, 7]
2024-05-18 11:06:09,246 - INFO - count: [384, 3]
2024-05-18 11:06:09,246 - INFO - 


2024-05-18 11:06:09,246 - INFO - red number
2024-05-18 11:06:09,349 - INFO - ------------------------
2024-05-18 11:07:44,065 - INFO - ---------------------------
2024-05-18 11:07:44,065 - INFO - Rollet number: 33
2024-05-18 11:07:44,065 - INFO - Black List number: [36, 2, 18, 0, 8, 4, 10, 0, 29, 13, 28, 0, 7, 33]
2024-05-18 11:07:44,065 - INFO - count: [1, 1]
2024-05-18 11:07:44,065 - INFO - 


2024-05-18 11:07:44,167 - INFO - ------------------------
2024-05-18 11:08:29,350 - INFO - ---------------------------
2024-05-18 11:08:29,351 - INFO - Rollet number: 10
2024-05-18 11:08:29,351 - INFO - Black List number: [36, 2, 18, 0, 8, 4, 10, 0, 29, 13, 28, 0, 7, 33, 10]
2024-05-18 11:08:29,351 - INFO - count: [1, 2]
2024-05-18 11:08:29,351 - INFO - 


2024-05-18 11:08:29,664 - INFO - ------------------------
2024-05-18 11:09:18,892 - ERROR - not detected number
2024-05-18 11:09:18,892 - INFO - ---------------------------
2024-05-18 11:09:18,893 - INFO - Rollet number: 0
2024-05-18 11:09:18,893 - INFO - Black List number: [36, 2, 18, 0, 8, 4, 10, 0, 29, 13, 28, 0, 7, 33, 10, 0]
2024-05-18 11:09:18,893 - INFO - count: [3, 3]
2024-05-18 11:09:18,893 - INFO - 


2024-05-18 11:09:19,511 - INFO - ------------------------
2024-05-18 11:10:00,810 - INFO - ---------------------------
2024-05-18 11:10:00,810 - INFO - Rollet number: 22
2024-05-18 11:10:00,810 - INFO - Black List number: [36, 2, 18, 0, 8, 4, 10, 0, 29, 13, 28, 0, 7, 33, 10, 0, 22]
2024-05-18 11:10:00,810 - INFO - count: [6, 3]
2024-05-18 11:10:00,810 - INFO - 


2024-05-18 11:10:02,052 - INFO - ------------------------
2024-05-18 11:10:51,500 - INFO - ---------------------------
2024-05-18 11:10:51,500 - INFO - Rollet number: 7
2024-05-18 11:10:51,500 - INFO - Black List number: [36, 2, 18, 0, 8, 4, 10, 0, 29, 13, 28, 0, 7, 33, 10, 0, 22, 7]
2024-05-18 11:10:51,500 - INFO - count: [12, 3]
2024-05-18 11:10:51,500 - INFO - 


2024-05-18 11:10:51,500 - INFO - red number
2024-05-18 11:10:51,607 - INFO - ------------------------
2024-05-18 11:11:32,964 - INFO - ---------------------------
2024-05-18 11:11:32,964 - INFO - Rollet number: 34
2024-05-18 11:11:32,964 - INFO - Black List number: [7, 34]
2024-05-18 11:11:32,964 - INFO - count: [1, 1]
2024-05-18 11:11:32,964 - INFO - 


2024-05-18 11:11:32,964 - INFO - red number
2024-05-18 11:11:33,066 - INFO - ------------------------
2024-05-18 11:12:27,559 - INFO - ---------------------------
2024-05-18 11:12:27,559 - INFO - Rollet number: 30
2024-05-18 11:12:27,560 - INFO - Black List number: [7, 34, 30]
2024-05-18 11:12:27,560 - INFO - count: [1, 1]
2024-05-18 11:12:27,560 - INFO - 


2024-05-18 11:12:27,560 - INFO - red number
2024-05-18 11:12:27,665 - INFO - ------------------------
2024-05-18 11:13:07,417 - ERROR - not detected number
2024-05-18 11:13:07,417 - INFO - ---------------------------
2024-05-18 11:13:07,417 - INFO - Rollet number: 0
2024-05-18 11:13:07,417 - INFO - Black List number: [7, 34, 30, 0]
2024-05-18 11:13:07,417 - INFO - count: [1, 1]
2024-05-18 11:13:07,417 - INFO - 


2024-05-18 11:13:07,520 - INFO - ------------------------
2024-05-18 11:13:56,607 - INFO - ---------------------------
2024-05-18 11:13:56,607 - INFO - Rollet number: 15
2024-05-18 11:13:56,607 - INFO - Black List number: [7, 34, 30, 0, 15]
2024-05-18 11:13:56,607 - INFO - count: [1, 2]
2024-05-18 11:13:56,607 - INFO - 


2024-05-18 11:13:56,914 - INFO - ------------------------
2024-05-18 11:16:09,045 - ERROR - list index out of range
2024-05-18 11:16:09,175 - ERROR - list index out of range
